<?xml version="1.0" encoding="UTF-8"?>
<!-- Generated by org.testng.reporters.JUnitReportReporter -->
<testsuite hostname="LAPTOP-D06MN9MK" failures="0" tests="4" name="api.test.UserTests2" time="15.728" errors="0" timestamp="2024-09-04T21:50:18 IST" skipped="0">
  <testcase classname="api.test.UserTests2" name="testPostUser" time="4.661"/>
  <testcase classname="api.test.UserTests2" name="getUserName" time="2.582"/>
  <testcase classname="api.test.UserTests2" name="testUpdateUser" time="5.829"/>
  <testcase classname="api.test.UserTests2" name="deleteUserName" time="2.656"/>
</testsuite> <!-- api.test.UserTests2 -->
