<?xml version="1.0" encoding="UTF-8"?>
<!-- Generated by org.testng.reporters.JUnitReportReporter -->
<testsuite hostname="LAPTOP-D06MN9MK" failures="0" tests="4" name="api.test.UserTests" time="15.027" errors="0" timestamp="2024-09-04T21:48:07 IST" skipped="0">
  <testcase classname="api.test.UserTests" name="testPostUser" time="4.768"/>
  <testcase classname="api.test.UserTests" name="getUserName" time="2.770"/>
  <testcase classname="api.test.UserTests" name="testUpdateUser" time="5.421"/>
  <testcase classname="api.test.UserTests" name="deleteUserName" time="2.068"/>
</testsuite> <!-- api.test.UserTests -->
