<?xml version="1.0" encoding="UTF-8"?>
<!-- Generated by org.testng.reporters.JUnitReportReporter -->
<testsuite hostname="LAPTOP-D06MN9MK" failures="0" tests="6" name="api.test.DDTests" time="10.549" errors="0" timestamp="2024-09-04T15:42:47 IST" skipped="0">
  <testcase classname="api.test.DDTests" name="testPostUser" time="1.483"/>
  <testcase classname="api.test.DDTests" name="testPostUser" time="3.454"/>
  <testcase classname="api.test.DDTests" name="testPostUser" time="1.307"/>
  <testcase classname="api.test.DDTests" name="testDeleteUsers" time="1.358"/>
  <testcase classname="api.test.DDTests" name="testDeleteUsers" time="1.414"/>
  <testcase classname="api.test.DDTests" name="testDeleteUsers" time="1.533"/>
</testsuite> <!-- api.test.DDTests -->
