<?xml version="1.0" encoding="UTF-8"?>
<!-- Generated by org.testng.reporters.JUnitReportReporter -->
<testsuite hostname="LAPTOP-D06MN9MK" failures="0" tests="6" name="api.test.DDTests" time="16.656" errors="0" timestamp="2024-09-04T22:22:36 IST" skipped="0">
  <testcase classname="api.test.DDTests" name="testPostUser" time="4.310"/>
  <testcase classname="api.test.DDTests" name="testPostUser" time="2.567"/>
  <testcase classname="api.test.DDTests" name="testPostUser" time="2.226"/>
  <testcase classname="api.test.DDTests" name="testDeleteUsers" time="2.557"/>
  <testcase classname="api.test.DDTests" name="testDeleteUsers" time="2.436"/>
  <testcase classname="api.test.DDTests" name="testDeleteUsers" time="2.560"/>
</testsuite> <!-- api.test.DDTests -->
