<?xml version="1.0" encoding="UTF-8"?>
<!-- Generated by org.testng.reporters.JUnitReportReporter -->
<testsuite hostname="LAPTOP-D06MN9MK" failures="0" tests="4" name="api.test.UserTests" time="12.158" errors="0" timestamp="2024-09-04T22:22:36 IST" skipped="0">
  <testcase classname="api.test.UserTests" name="testPostUser" time="2.681"/>
  <testcase classname="api.test.UserTests" name="getUserName" time="2.200"/>
  <testcase classname="api.test.UserTests" name="testUpdateUser" time="4.090"/>
  <testcase classname="api.test.UserTests" name="deleteUserName" time="3.187"/>
</testsuite> <!-- api.test.UserTests -->
